Backend error message during job submission
-------------------------------------------
Unexpected System Error Occured: java.lang.Error: Unresolved compilation problem: 
	Cannot instantiate the type JobContext

	at org.apache.pig.backend.hadoop.executionengine.shims.HadoopShims.createJobContext(HadoopShims.java:64)
	at org.apache.pig.backend.hadoop.executionengine.mapReduceLayer.PigOutputFormat.checkOutputSpecsHelper(PigOutputFormat.java:200)
	at org.apache.pig.backend.hadoop.executionengine.mapReduceLayer.PigOutputFormat.checkOutputSpecs(PigOutputFormat.java:192)
	at org.apache.hadoop.mapreduce.JobSubmitter.checkSpecs(JobSubmitter.java:418)
	at org.apache.hadoop.mapreduce.JobSubmitter.submitJobInternal(JobSubmitter.java:333)
	at org.apache.hadoop.mapreduce.Job$11.run(Job.java:1218)
	at org.apache.hadoop.mapreduce.Job$11.run(Job.java:1215)
	at java.security.AccessController.doPrivileged(Native Method)
	at javax.security.auth.Subject.doAs(Subject.java:415)
	at org.apache.hadoop.security.UserGroupInformation.doAs(UserGroupInformation.java:1441)
	at org.apache.hadoop.mapreduce.Job.submit(Job.java:1215)
	at org.apache.hadoop.mapreduce.lib.jobcontrol.ControlledJob.submit(ControlledJob.java:336)
	at org.apache.hadoop.mapreduce.lib.jobcontrol.JobControl.run(JobControl.java:233)
	at org.apache.pig.backend.hadoop20.PigJobControl.run(PigJobControl.java:121)
	at java.lang.Thread.run(Thread.java:745)
	at org.apache.pig.backend.hadoop.executionengine.mapReduceLayer.MapReduceLauncher$1.run(MapReduceLauncher.java:279)

Pig Stack Trace
---------------
ERROR 2244: Job failed, hadoop does not return any error message

org.apache.pig.backend.executionengine.ExecException: ERROR 2244: Job failed, hadoop does not return any error message
	at org.apache.pig.tools.grunt.GruntParser.executeBatch(GruntParser.java:178)
	at org.apache.pig.tools.grunt.GruntParser.parseStopOnError(GruntParser.java:231)
	at org.apache.pig.tools.grunt.GruntParser.parseStopOnError(GruntParser.java:202)
	at org.apache.pig.tools.grunt.Grunt.exec(Grunt.java:81)
	at org.apache.pig.Main.run(Main.java:608)
	at org.apache.pig.Main.main(Main.java:156)
================================================================================
